Assembler report for chip
Sun Nov 09 02:23:59 2014
Quartus II 64-Bit Version 14.0.1 Build 205 08/13/2014 SJ Full Version


---------------------
; Table of Contents ;
---------------------
  1. Legal Notice
  2. Assembler Summary
  3. Assembler Settings
  4. Assembler Encrypted IP Cores Summary
  5. Assembler Generated Files
  6. Assembler Device Options: D:/pervices-project/10GE/jtag-test_pervices/ETH_10GBASER_DEMO_DESIGN-jtagtest/chip.sof
  7. Assembler Messages



----------------
; Legal Notice ;
----------------
Copyright (C) 1991-2014 Altera Corporation. All rights reserved.
Your use of Altera Corporation's design tools, logic functions 
and other software and tools, and its AMPP partner logic 
functions, and any output files from any of the foregoing 
(including device programming or simulation files), and any 
associated documentation or information are expressly subject 
to the terms and conditions of the Altera Program License 
Subscription Agreement, the Altera Quartus II License Agreement,
the Altera MegaCore Function License Agreement, or other 
applicable license agreement, including, without limitation, 
that your use is for the sole purpose of programming logic 
devices manufactured by Altera and sold by Altera or its 
authorized distributors.  Please refer to the applicable 
agreement for further details.



+---------------------------------------------------------------+
; Assembler Summary                                             ;
+-----------------------+---------------------------------------+
; Assembler Status      ; Successful - Sun Nov 09 02:23:58 2014 ;
; Revision Name         ; chip                                  ;
; Top-level Entity Name ; CHIP                                  ;
; Family                ; Arria V                               ;
; Device                ; 5ASTMD3E3F31I3                        ;
+-----------------------+---------------------------------------+


+----------------------------------+
; Assembler Settings               ;
+--------+---------+---------------+
; Option ; Setting ; Default Value ;
+--------+---------+---------------+


+-----------------------------------------------------------+
; Assembler Encrypted IP Cores Summary                      ;
+--------+-----------------------------------+--------------+
; Vendor ; IP Core Name                      ; License Type ;
+--------+-----------------------------------+--------------+
; Altera ; 10GBASE-R PCS-PMA  (6AF7 00D2)    ; Licensed     ;
; Altera ; 10G Ethernet MegaCore (6AF7 00D9) ; Licensed     ;
; Altera ; Signal Tap (6AF7 BCE1)            ; Licensed     ;
; Altera ; Signal Tap (6AF7 BCEC)            ; Licensed     ;
; Altera ; Unknown (6AF7 FFFF)               ; Licensed     ;
+--------+-----------------------------------+--------------+


+----------------------------------------------------------------------------------------+
; Assembler Generated Files                                                              ;
+----------------------------------------------------------------------------------------+
; File Name                                                                              ;
+----------------------------------------------------------------------------------------+
; D:/pervices-project/10GE/jtag-test_pervices/ETH_10GBASER_DEMO_DESIGN-jtagtest/chip.sof ;
+----------------------------------------------------------------------------------------+


+------------------------------------------------------------------------------------------------------------------+
; Assembler Device Options: D:/pervices-project/10GE/jtag-test_pervices/ETH_10GBASER_DEMO_DESIGN-jtagtest/chip.sof ;
+----------------+-------------------------------------------------------------------------------------------------+
; Option         ; Setting                                                                                         ;
+----------------+-------------------------------------------------------------------------------------------------+
; Device         ; 5ASTMD3E3F31I3                                                                                  ;
; JTAG usercode  ; 0xFFFFFFFF                                                                                      ;
; Checksum       ; 0x0721F0C8                                                                                      ;
+----------------+-------------------------------------------------------------------------------------------------+


+--------------------+
; Assembler Messages ;
+--------------------+
Info: *******************************************************************
Info: Running Quartus II 64-Bit Assembler
    Info: Version 14.0.1 Build 205 08/13/2014 SJ Full Version
    Info: Processing started: Sun Nov 09 02:21:16 2014
Info: Command: quartus_asm --read_settings_files=off --write_settings_files=off chip -c chip
Info (115030): Assembler is generating device programming files
Info: Quartus II 64-Bit Assembler was successful. 0 errors, 0 warnings
    Info: Peak virtual memory: 1058 megabytes
    Info: Processing ended: Sun Nov 09 02:24:00 2014
    Info: Elapsed time: 00:02:44
    Info: Total CPU time (on all processors): 00:01:04


